<?xml version="1.0" encoding="UTF-8"?>
<testng-results ignored="1" total="2" passed="1" failed="0" skipped="0">
  <reporter-output>
  </reporter-output>
  <suite started-at="2026-09-11T12:51:33 IST" name="Default suite" finished-at="2026-09-11T12:51:33 IST" duration-ms="254">
    <groups>
    </groups>
    <test started-at="2026-09-11T12:51:33 IST" name="Default test" finished-at="2026-09-11T12:51:33 IST" duration-ms="254">
      <class name="pack1.ContactTest">
        <test-method signature="CreateContactTest()[pri:0, instance:pack1.ContactTest@8dbdac1]" started-at="2026-09-11T12:51:33 IST" name="CreateContactTest" finished-at="2026-09-11T12:51:33 IST" duration-ms="20" status="PASS">
          <reporter-output>
          </reporter-output>
        </test-method> <!-- CreateContactTest -->
      </class> <!-- pack1.ContactTest -->
    </test> <!-- Default test -->
  </suite> <!-- Default suite -->
</testng-results>
