<?xml version="1.0" encoding="UTF-8"?>
<!-- Generated by org.testng.reporters.JUnitXMLReporter -->
<testsuite ignored="1" hostname="DESKTOP-TLUBBMT" failures="0" tests="1" name="Default test" time="0.254" errors="0" timestamp="2026-09-11T12:51:33 IST">
  <testcase classname="pack1.ContactTest" name="CreateContactTest" time="0.02"/>
  <testcase classname="pack1.ContactTest" name="modifyContactTest" time="0.0">
    <ignored/>
  </testcase> <!-- modifyContactTest -->
</testsuite> <!-- Default test -->
